<?xml version="1.0" encoding="UTF-8"?>
<!-- Generated by org.testng.reporters.JUnitReportReporter -->
<testsuite skipped="0" hostname="DESKTOP-LGSAD80" name="testcases.TC01" tests="1" failures="0" timestamp="16 Dec 2018 10:00:24 GMT" time="10.068" errors="0">
  <testcase name="testScript" time="10.068" classname="testcases.TC01"/>
</testsuite> <!-- testcases.TC01 -->
