<?xml version="1.0" encoding="UTF-8"?>
<!-- Generated by org.testng.reporters.JUnitReportReporter -->
<testsuite skipped="0" hostname="DESKTOP-LGSAD80" name="testcases.TC02" tests="1" failures="0" timestamp="16 Dec 2018 10:00:24 GMT" time="12.787" errors="0">
  <testcase name="testScript" time="12.787" classname="testcases.TC02"/>
</testsuite> <!-- testcases.TC02 -->
