<?xml version="1.0" encoding="UTF-8"?>
<!-- Generated by org.testng.reporters.JUnitReportReporter -->
<testsuite skipped="0" hostname="DESKTOP-LGSAD80" name="testcases.TC03" tests="1" failures="0" timestamp="16 Dec 2018 10:00:24 GMT" time="16.693" errors="0">
  <testcase name="testScript" time="16.693" classname="testcases.TC03"/>
</testsuite> <!-- testcases.TC03 -->
